{
  "stats": {
    "suites": 1,
    "tests": 4,
    "passes": 4,
    "pending": 0,
    "failures": 0,
    "start": "2024-10-31T23:23:38.054Z",
    "end": "2024-10-31T23:24:57.826Z",
    "duration": 79772,
    "testsRegistered": 4,
    "passPercent": 100,
    "pendingPercent": 0,
    "other": 0,
    "hasOther": false,
    "skipped": 0,
    "hasSkipped": false
  },
  "results": [
    {
      "uuid": "6174952c-07dd-4852-9ccf-31e430eb0195",
      "title": "",
      "fullFile": "cypress\\e2e\\login\\login.cy.js",
      "file": "cypress\\e2e\\login\\login.cy.js",
      "beforeHooks": [],
      "afterHooks": [],
      "tests": [],
      "suites": [
        {
          "uuid": "647bd25e-97c6-48e9-ba8c-3d302ea85a62",
          "title": "Teste de Login na plataforma demoqa",
          "fullFile": "",
          "file": "",
          "beforeHooks": [],
          "afterHooks": [],
          "tests": [
            {
              "title": "Deve realizar o login com sucesso",
              "fullTitle": "Teste de Login na plataforma demoqa Deve realizar o login com sucesso",
              "timedOut": null,
              "duration": 38746,
              "state": "passed",
              "speed": "slow",
              "pass": true,
              "fail": false,
              "pending": false,
              "context": null,
              "code": "const {\n  username,\n  password\n} = _login.loginDataSucess;\nloginPage.fillUsername(username);\nloginPage.fillPassword(password);\nloginPage.submit();\nloginPage.validateLoginRequest();",
              "err": {},
              "uuid": "21abc791-87ec-4f56-8920-c35a512c15f0",
              "parentUUID": "647bd25e-97c6-48e9-ba8c-3d302ea85a62",
              "isHook": false,
              "skipped": false
            },
            {
              "title": "Deve exibir erro ao tentar logar sem fornecer o nome de usuário",
              "fullTitle": "Teste de Login na plataforma demoqa Deve exibir erro ao tentar logar sem fornecer o nome de usuário",
              "timedOut": null,
              "duration": 11136,
              "state": "passed",
              "speed": "slow",
              "pass": true,
              "fail": false,
              "pending": false,
              "context": null,
              "code": "const {\n  password\n} = _login.loginDataSucess;\nloginPage.fillPassword(password);\nloginPage.submit();\nloginPage.validateInvalidUsername();",
              "err": {},
              "uuid": "8671d688-8b4c-429c-ab14-8cf3b670bd7b",
              "parentUUID": "647bd25e-97c6-48e9-ba8c-3d302ea85a62",
              "isHook": false,
              "skipped": false
            },
            {
              "title": "Deve exibir erro ao tentar logar sem fornecer a senha",
              "fullTitle": "Teste de Login na plataforma demoqa Deve exibir erro ao tentar logar sem fornecer a senha",
              "timedOut": null,
              "duration": 9804,
              "state": "passed",
              "speed": "medium",
              "pass": true,
              "fail": false,
              "pending": false,
              "context": null,
              "code": "const {\n  username\n} = _login.loginDataSucess;\nloginPage.fillUsername(username);\nloginPage.submit();\nloginPage.validateInvalidPassword();",
              "err": {},
              "uuid": "d377bfe9-501a-4ad2-ad8d-fdfa996fa108",
              "parentUUID": "647bd25e-97c6-48e9-ba8c-3d302ea85a62",
              "isHook": false,
              "skipped": false
            },
            {
              "title": "Deve acessar a página de livros após login bem-sucedido",
              "fullTitle": "Teste de Login na plataforma demoqa Deve acessar a página de livros após login bem-sucedido",
              "timedOut": null,
              "duration": 11208,
              "state": "passed",
              "speed": "slow",
              "pass": true,
              "fail": false,
              "pending": false,
              "context": null,
              "code": "const {\n  username,\n  password\n} = _login.loginDataSucess;\nloginPage.fillUsername(username);\nloginPage.fillPassword(password);\nloginPage.submit();\nloginPage.validateLoginRequest();\nloginPage.goToBookStore();\nloginPage.validateBookStoreAccess();",
              "err": {},
              "uuid": "93c15df7-c349-4ef5-a6d7-d70b0478be8d",
              "parentUUID": "647bd25e-97c6-48e9-ba8c-3d302ea85a62",
              "isHook": false,
              "skipped": false
            }
          ],
          "suites": [],
          "passes": [
            "21abc791-87ec-4f56-8920-c35a512c15f0",
            "8671d688-8b4c-429c-ab14-8cf3b670bd7b",
            "d377bfe9-501a-4ad2-ad8d-fdfa996fa108",
            "93c15df7-c349-4ef5-a6d7-d70b0478be8d"
          ],
          "failures": [],
          "pending": [],
          "skipped": [],
          "duration": 70894,
          "root": false,
          "rootEmpty": false,
          "_timeout": 2000
        }
      ],
      "passes": [],
      "failures": [],
      "pending": [],
      "skipped": [],
      "duration": 0,
      "root": true,
      "rootEmpty": true,
      "_timeout": 2000
    }
  ],
  "meta": {
    "mocha": {
      "version": "7.0.1"
    },
    "mochawesome": {
      "options": {
        "quiet": false,
        "reportFilename": "mochawesome",
        "saveHtml": true,
        "saveJson": true,
        "consoleReporter": "spec",
        "useInlineDiffs": false,
        "code": true
      },
      "version": "7.1.3"
    },
    "marge": {
      "options": {
        "reportDir": "cypress/reports",
        "overwrite": false,
        "html": true,
        "json": true
      },
      "version": "6.2.0"
    }
  }
}