{
  "stats": {
    "suites": 1,
    "tests": 1,
    "passes": 0,
    "pending": 0,
    "failures": 1,
    "start": "2024-10-31T23:12:49.957Z",
    "end": "2024-10-31T23:13:11.939Z",
    "duration": 21982,
    "testsRegistered": 4,
    "passPercent": 0,
    "pendingPercent": 0,
    "other": 0,
    "hasOther": false,
    "skipped": 3,
    "hasSkipped": true
  },
  "results": [
    {
      "uuid": "bca848b6-4a8d-4160-b4c6-5f1c9cc1cdb7",
      "title": "",
      "fullFile": "cypress\\e2e\\login\\login.cy.js",
      "file": "cypress\\e2e\\login\\login.cy.js",
      "beforeHooks": [],
      "afterHooks": [],
      "tests": [],
      "suites": [
        {
          "uuid": "f439e623-c6b6-4a05-8a10-a19cc891e0d8",
          "title": "Teste de Login na plataforma demoqa",
          "fullFile": "",
          "file": "",
          "beforeHooks": [],
          "afterHooks": [],
          "tests": [
            {
              "title": "Deve realizar o login com sucesso",
              "fullTitle": "Teste de Login na plataforma demoqa Deve realizar o login com sucesso",
              "timedOut": null,
              "duration": 11724,
              "state": "failed",
              "speed": null,
              "pass": false,
              "fail": true,
              "pending": false,
              "context": null,
              "code": "const {\n  username,\n  password\n} = _login.loginDataSucess;\nloginPage.fillUsername(username);\nloginPage.fillPassword(password);\nloginPage.submit();\nloginPage.validateLoginRequest();",
              "err": {
                "message": "Error: The following error originated from your application code, not from Cypress.\n\n  > Script error.\n\nCypress detected that an uncaught error was thrown from a cross origin script.\n\nWe cannot provide you the stack trace, line number, or file where this error occurred.\n\nCheck your Developer Tools Console for the actual error - it should be printed there.\n\nIt's possible to enable debugging these scripts by adding the `crossorigin` attribute and setting a CORS header.\n\nWhen Cypress detects uncaught errors originating from your application it will automatically fail the current test.\n\nThis behavior is configurable, and you can choose to turn this off by listening to the `uncaught:exception` event.\n\nhttps://on.cypress.io/uncaught-exception-from-application\n\nhttps://on.cypress.io/cross-origin-script-error\n\nBecause this error occurred during a `before each` hook we are skipping the remaining tests in the current suite: `Teste de Login na plataform...`",
                "estack": "Error: The following error originated from your application code, not from Cypress.\n\n  > Script error.\n\nCypress detected that an uncaught error was thrown from a cross origin script.\n\nWe cannot provide you the stack trace, line number, or file where this error occurred.\n\nCheck your Developer Tools Console for the actual error - it should be printed there.\n\nIt's possible to enable debugging these scripts by adding the `crossorigin` attribute and setting a CORS header.\n\nWhen Cypress detects uncaught errors originating from your application it will automatically fail the current test.\n\nThis behavior is configurable, and you can choose to turn this off by listening to the `uncaught:exception` event.\n\nhttps://on.cypress.io/uncaught-exception-from-application\n\nhttps://on.cypress.io/cross-origin-script-error\n\nBecause this error occurred during a `before each` hook we are skipping the remaining tests in the current suite: `Teste de Login na plataform...`",
                "diff": null
              },
              "uuid": "5d326218-fc71-4d5b-85b5-005ea5b16bb2",
              "parentUUID": "f439e623-c6b6-4a05-8a10-a19cc891e0d8",
              "isHook": false,
              "skipped": false
            },
            {
              "title": "Deve exibir erro ao tentar logar sem fornecer o nome de usuário",
              "fullTitle": "Teste de Login na plataforma demoqa Deve exibir erro ao tentar logar sem fornecer o nome de usuário",
              "timedOut": null,
              "duration": 0,
              "state": "skipped",
              "speed": null,
              "pass": false,
              "fail": false,
              "pending": false,
              "context": null,
              "code": "const {\n  password\n} = _login.loginDataSucess;\nloginPage.fillPassword(password);\nloginPage.submit();\nloginPage.validateInvalidUsername();",
              "err": {},
              "uuid": "3abb8284-e84a-4b46-90f4-587effbe9f94",
              "parentUUID": "f439e623-c6b6-4a05-8a10-a19cc891e0d8",
              "isHook": false,
              "skipped": true
            },
            {
              "title": "Deve exibir erro ao tentar logar sem fornecer a senha",
              "fullTitle": "Teste de Login na plataforma demoqa Deve exibir erro ao tentar logar sem fornecer a senha",
              "timedOut": null,
              "duration": 0,
              "state": "skipped",
              "speed": null,
              "pass": false,
              "fail": false,
              "pending": false,
              "context": null,
              "code": "const {\n  username\n} = _login.loginDataSucess;\nloginPage.fillUsername(username);\nloginPage.submit();\nloginPage.validateInvalidPassword();",
              "err": {},
              "uuid": "d2ce6dd4-6e13-4257-9ca7-9e8b9302d032",
              "parentUUID": "f439e623-c6b6-4a05-8a10-a19cc891e0d8",
              "isHook": false,
              "skipped": true
            },
            {
              "title": "Deve acessar a página de livros após login bem-sucedido",
              "fullTitle": "Teste de Login na plataforma demoqa Deve acessar a página de livros após login bem-sucedido",
              "timedOut": null,
              "duration": 0,
              "state": "skipped",
              "speed": null,
              "pass": false,
              "fail": false,
              "pending": false,
              "context": null,
              "code": "const {\n  username,\n  password\n} = _login.loginDataSucess;\nloginPage.fillUsername(username);\nloginPage.fillPassword(password);\nloginPage.submit();\nloginPage.validateLoginRequest();\nloginPage.goToBookStore();\nloginPage.validateBookStoreAccess();",
              "err": {},
              "uuid": "e16f4f17-6b74-43a2-a04a-e18a73e8f8b1",
              "parentUUID": "f439e623-c6b6-4a05-8a10-a19cc891e0d8",
              "isHook": false,
              "skipped": true
            }
          ],
          "suites": [],
          "passes": [],
          "failures": [
            "5d326218-fc71-4d5b-85b5-005ea5b16bb2"
          ],
          "pending": [],
          "skipped": [
            "3abb8284-e84a-4b46-90f4-587effbe9f94",
            "d2ce6dd4-6e13-4257-9ca7-9e8b9302d032",
            "e16f4f17-6b74-43a2-a04a-e18a73e8f8b1"
          ],
          "duration": 11724,
          "root": false,
          "rootEmpty": false,
          "_timeout": 2000
        }
      ],
      "passes": [],
      "failures": [],
      "pending": [],
      "skipped": [],
      "duration": 0,
      "root": true,
      "rootEmpty": true,
      "_timeout": 2000
    }
  ],
  "meta": {
    "mocha": {
      "version": "7.0.1"
    },
    "mochawesome": {
      "options": {
        "quiet": false,
        "reportFilename": "mochawesome",
        "saveHtml": true,
        "saveJson": true,
        "consoleReporter": "spec",
        "useInlineDiffs": false,
        "code": true
      },
      "version": "7.1.3"
    },
    "marge": {
      "options": {
        "reportDir": "cypress/reports",
        "overwrite": false,
        "html": true,
        "json": true
      },
      "version": "6.2.0"
    }
  }
}