{
  "stats": {
    "suites": 1,
    "tests": 1,
    "passes": 1,
    "pending": 0,
    "failures": 0,
    "start": "2024-10-31T23:13:17.377Z",
    "end": "2024-10-31T23:13:26.603Z",
    "duration": 9226,
    "testsRegistered": 1,
    "passPercent": 100,
    "pendingPercent": 0,
    "other": 0,
    "hasOther": false,
    "skipped": 0,
    "hasSkipped": false
  },
  "results": [
    {
      "uuid": "edce10a7-44c7-4cad-8040-22fde717e569",
      "title": "",
      "fullFile": "cypress\\e2e\\ecommerce\\ecommerce.cy.js",
      "file": "cypress\\e2e\\ecommerce\\ecommerce.cy.js",
      "beforeHooks": [],
      "afterHooks": [],
      "tests": [],
      "suites": [
        {
          "uuid": "721d7450-0242-402c-8425-935316ddd68f",
          "title": "Teste de Fluxo do E-commerce",
          "fullFile": "",
          "file": "",
          "beforeHooks": [],
          "afterHooks": [],
          "tests": [
            {
              "title": "Deve concluir o fluxo do carrinho de compras",
              "fullTitle": "Teste de Fluxo do E-commerce Deve concluir o fluxo do carrinho de compras",
              "timedOut": null,
              "duration": 4357,
              "state": "passed",
              "speed": "fast",
              "pass": true,
              "fail": false,
              "pending": false,
              "context": null,
              "code": "//Login na Plataforma\necommercePage.login('standard_user', 'secret_sauce');\n// Adicionar item ao Carrinho\necommercePage.addItemToCart('#add-to-cart-sauce-labs-backpack');\necommercePage.goToCart();\necommercePage.verifyCartItemCount('1');\necommercePage.proceedToCheckout();\n// Preenchimento de formulário de entrega\necommercePage.fillDeliveryForm('username', 'lastName', '13092432');\n// Validação dos itens do carrinho de compras\necommercePage.validateCheckoutItems();\necommercePage.completeOrder();\n// Valida a tela de Finalização\necommercePage.verifyOrderCompletion();",
              "err": {},
              "uuid": "4fc69c48-f8ce-4b2a-be3a-cd39fc8f942c",
              "parentUUID": "721d7450-0242-402c-8425-935316ddd68f",
              "isHook": false,
              "skipped": false
            }
          ],
          "suites": [],
          "passes": [
            "4fc69c48-f8ce-4b2a-be3a-cd39fc8f942c"
          ],
          "failures": [],
          "pending": [],
          "skipped": [],
          "duration": 4357,
          "root": false,
          "rootEmpty": false,
          "_timeout": 2000
        }
      ],
      "passes": [],
      "failures": [],
      "pending": [],
      "skipped": [],
      "duration": 0,
      "root": true,
      "rootEmpty": true,
      "_timeout": 2000
    }
  ],
  "meta": {
    "mocha": {
      "version": "7.0.1"
    },
    "mochawesome": {
      "options": {
        "quiet": false,
        "reportFilename": "mochawesome",
        "saveHtml": true,
        "saveJson": true,
        "consoleReporter": "spec",
        "useInlineDiffs": false,
        "code": true
      },
      "version": "7.1.3"
    },
    "marge": {
      "options": {
        "reportDir": "cypress/reports",
        "overwrite": false,
        "html": true,
        "json": true
      },
      "version": "6.2.0"
    }
  }
}