{
  "stats": {
    "suites": 3,
    "tests": 5,
    "passes": 5,
    "pending": 0,
    "failures": 0,
    "start": "2024-10-31T23:25:15.581Z",
    "end": "2024-10-31T23:25:18.628Z",
    "duration": 3047,
    "testsRegistered": 5,
    "passPercent": 100,
    "pendingPercent": 0,
    "other": 0,
    "hasOther": false,
    "skipped": 0,
    "hasSkipped": false
  },
  "results": [
    {
      "uuid": "32f5e286-7053-4af4-8204-19680cda91e1",
      "title": "",
      "fullFile": "cypress\\e2e\\petStore\\petStore.cy.js",
      "file": "cypress\\e2e\\petStore\\petStore.cy.js",
      "beforeHooks": [],
      "afterHooks": [],
      "tests": [],
      "suites": [
        {
          "uuid": "0c4d4e31-59ee-4cbf-b189-0575cea58d34",
          "title": "Teste E2E da API PetStore",
          "fullFile": "",
          "file": "",
          "beforeHooks": [],
          "afterHooks": [],
          "tests": [],
          "suites": [
            {
              "uuid": "9d81ac10-0453-4f88-a0a2-326c1cf69a17",
              "title": "Cenários Positivos",
              "fullFile": "",
              "file": "",
              "beforeHooks": [],
              "afterHooks": [],
              "tests": [
                {
                  "title": "Deve retornar pets disponíveis ao consultar por status \"available\"",
                  "fullTitle": "Teste E2E da API PetStore Cenários Positivos Deve retornar pets disponíveis ao consultar por status \"available\"",
                  "timedOut": null,
                  "duration": 2143,
                  "state": "passed",
                  "speed": "fast",
                  "pass": true,
                  "fail": false,
                  "pending": false,
                  "context": null,
                  "code": "petStorePage.getPetsByStatus('available').then(response => {\n  expect(response.status).to.eq(200);\n  expect(response.headers['access-control-allow-headers']).to.eq('Content-Type, api_key, Authorization');\n  expect(response.headers['access-control-allow-methods']).to.eq(\"GET, POST, DELETE, PUT\");\n});",
                  "err": {},
                  "uuid": "aa8e0ca4-97a7-4c89-b605-b23ec4eb0f0d",
                  "parentUUID": "9d81ac10-0453-4f88-a0a2-326c1cf69a17",
                  "isHook": false,
                  "skipped": false
                },
                {
                  "title": "Deve criar um novo pet com sucesso",
                  "fullTitle": "Teste E2E da API PetStore Cenários Positivos Deve criar um novo pet com sucesso",
                  "timedOut": null,
                  "duration": 188,
                  "state": "passed",
                  "speed": "fast",
                  "pass": true,
                  "fail": false,
                  "pending": false,
                  "context": null,
                  "code": "petStorePage.createPet(_petData.petData).then(response => {\n  Cypress.env(\"saveResponsePet\", response.body);\n  expect(response.status).to.eq(200);\n  expect(response.body.id).to.eq(12345);\n  expect(response.body.name).to.eq('doggie teste');\n  expect(response.body.status).to.eq(\"available\");\n});",
                  "err": {},
                  "uuid": "26570abb-41de-4cbb-a56f-c1c6d26c426c",
                  "parentUUID": "9d81ac10-0453-4f88-a0a2-326c1cf69a17",
                  "isHook": false,
                  "skipped": false
                },
                {
                  "title": "Deve atualizar os dados de um pet existente",
                  "fullTitle": "Teste E2E da API PetStore Cenários Positivos Deve atualizar os dados de um pet existente",
                  "timedOut": null,
                  "duration": 185,
                  "state": "passed",
                  "speed": "fast",
                  "pass": true,
                  "fail": false,
                  "pending": false,
                  "context": null,
                  "code": "const getResponsePet = Cypress.env(\"saveResponsePet\");\npetStorePage.updatePet(_petData.updatedPetData).then(response => {\n  expect(response.status).to.eq(200);\n  expect(response.body.id).to.eq(getResponsePet.id);\n  expect(response.body.name).to.eq('update doggie teste');\n  expect(response.body.status).to.eq(\"unavailable\");\n});",
                  "err": {},
                  "uuid": "e50eecea-4bdd-46cf-84ee-6b7d33919342",
                  "parentUUID": "9d81ac10-0453-4f88-a0a2-326c1cf69a17",
                  "isHook": false,
                  "skipped": false
                },
                {
                  "title": "Deve excluir um pet existente com sucesso",
                  "fullTitle": "Teste E2E da API PetStore Cenários Positivos Deve excluir um pet existente com sucesso",
                  "timedOut": null,
                  "duration": 180,
                  "state": "passed",
                  "speed": "fast",
                  "pass": true,
                  "fail": false,
                  "pending": false,
                  "context": null,
                  "code": "const getResponsePet = Cypress.env(\"saveResponsePet\");\npetStorePage.deletePet(getResponsePet.id).then(response => {\n  expect(response.status).to.eq(200);\n});",
                  "err": {},
                  "uuid": "9460b675-54c1-434e-8ba1-33422c1483f1",
                  "parentUUID": "9d81ac10-0453-4f88-a0a2-326c1cf69a17",
                  "isHook": false,
                  "skipped": false
                }
              ],
              "suites": [],
              "passes": [
                "aa8e0ca4-97a7-4c89-b605-b23ec4eb0f0d",
                "26570abb-41de-4cbb-a56f-c1c6d26c426c",
                "e50eecea-4bdd-46cf-84ee-6b7d33919342",
                "9460b675-54c1-434e-8ba1-33422c1483f1"
              ],
              "failures": [],
              "pending": [],
              "skipped": [],
              "duration": 2696,
              "root": false,
              "rootEmpty": false,
              "_timeout": 2000
            },
            {
              "uuid": "30d5a5d3-3782-40eb-b97e-239a8bb5e490",
              "title": "Cenários Negativos",
              "fullFile": "",
              "file": "",
              "beforeHooks": [],
              "afterHooks": [],
              "tests": [
                {
                  "title": "Deve falhar ao criar um pet com dados inválidos",
                  "fullTitle": "Teste E2E da API PetStore Cenários Negativos Deve falhar ao criar um pet com dados inválidos",
                  "timedOut": null,
                  "duration": 177,
                  "state": "passed",
                  "speed": "fast",
                  "pass": true,
                  "fail": false,
                  "pending": false,
                  "context": null,
                  "code": "petStorePage.createPet(_petData.invalidPetData).then(response => {\n  expect(response.status).to.not.eq(400);\n});",
                  "err": {},
                  "uuid": "3f90d026-829e-460a-963a-3b54d7f3bf98",
                  "parentUUID": "30d5a5d3-3782-40eb-b97e-239a8bb5e490",
                  "isHook": false,
                  "skipped": false
                }
              ],
              "suites": [],
              "passes": [
                "3f90d026-829e-460a-963a-3b54d7f3bf98"
              ],
              "failures": [],
              "pending": [],
              "skipped": [],
              "duration": 177,
              "root": false,
              "rootEmpty": false,
              "_timeout": 2000
            }
          ],
          "passes": [],
          "failures": [],
          "pending": [],
          "skipped": [],
          "duration": 0,
          "root": false,
          "rootEmpty": false,
          "_timeout": 2000
        }
      ],
      "passes": [],
      "failures": [],
      "pending": [],
      "skipped": [],
      "duration": 0,
      "root": true,
      "rootEmpty": true,
      "_timeout": 2000
    }
  ],
  "meta": {
    "mocha": {
      "version": "7.0.1"
    },
    "mochawesome": {
      "options": {
        "quiet": false,
        "reportFilename": "mochawesome",
        "saveHtml": true,
        "saveJson": true,
        "consoleReporter": "spec",
        "useInlineDiffs": false,
        "code": true
      },
      "version": "7.1.3"
    },
    "marge": {
      "options": {
        "reportDir": "cypress/reports",
        "overwrite": false,
        "html": true,
        "json": true
      },
      "version": "6.2.0"
    }
  }
}